{
  "RSpec": {
    "coverage": {
      "/Users/cece/turing/3mod/mid-mod/order-of-the-phoenix/app/helpers/application_helper.rb": {
        "lines": [
          1,
          1,
          1,
          null,
          null,
          null,
          null,
          null,
          null,
          null
        ]
      },
      "/Users/cece/turing/3mod/mid-mod/order-of-the-phoenix/app/controllers/welcome_controller.rb": {
        "lines": [
          1,
          1,
          null,
          null
        ]
      },
      "/Users/cece/turing/3mod/mid-mod/order-of-the-phoenix/app/controllers/application_controller.rb": {
        "lines": [
          1,
          1,
          null
        ]
      },
      "/Users/cece/turing/3mod/mid-mod/order-of-the-phoenix/app/mailers/application_mailer.rb": {
        "lines": [
          0,
          0,
          0,
          0
        ],
        "branches": {
        }
      },
      "/Users/cece/turing/3mod/mid-mod/order-of-the-phoenix/app/models/application_record.rb": {
        "lines": [
          0,
          0,
          0
        ],
        "branches": {
        }
      },
      "/Users/cece/turing/3mod/mid-mod/order-of-the-phoenix/app/jobs/application_job.rb": {
        "lines": [
          0,
          0
        ],
        "branches": {
        }
      },
      "/Users/cece/turing/3mod/mid-mod/order-of-the-phoenix/app/channels/application_cable/connection.rb": {
        "lines": [
          0,
          0,
          0,
          0
        ],
        "branches": {
        }
      },
      "/Users/cece/turing/3mod/mid-mod/order-of-the-phoenix/app/channels/application_cable/channel.rb": {
        "lines": [
          0,
          0,
          0,
          0
        ],
        "branches": {
        }
      }
    },
    "timestamp": 1598975131
  }
}
